[2020-12-21 19:40:50.492] [exthost] [info] extension host started
[2020-12-21 19:40:50.536] [exthost] [info] ExtensionService#_doActivateExtension vscode.microsoft-authentication {"startup":false,"extensionId":{"value":"vscode.microsoft-authentication","_lower":"vscode.microsoft-authentication"},"activationEvent":"onAuthenticationRequest:microsoft"}
[2020-12-21 19:40:50.537] [exthost] [info] ExtensionService#loadCommonJSModule file:///usr/share/code-insiders/resources/app/extensions/microsoft-authentication/dist/extension.js
[2020-12-21 19:40:50.565] [exthost] [info] ExtensionService#_doActivateExtension vscode.debug-auto-launch {"startup":true,"extensionId":{"value":"vscode.debug-auto-launch","_lower":"vscode.debug-auto-launch"},"activationEvent":"*"}
[2020-12-21 19:40:50.566] [exthost] [info] ExtensionService#loadCommonJSModule file:///usr/share/code-insiders/resources/app/extensions/debug-auto-launch/dist/extension
[2020-12-21 19:40:50.570] [exthost] [info] ExtensionService#_doActivateExtension vscode.emmet {"startup":true,"extensionId":{"value":"vscode.emmet","_lower":"vscode.emmet"},"activationEvent":"*"}
[2020-12-21 19:40:50.570] [exthost] [info] ExtensionService#loadCommonJSModule file:///usr/share/code-insiders/resources/app/extensions/emmet/dist/node/emmetNodeMain
[2020-12-21 19:40:50.615] [exthost] [info] ExtensionService#_doActivateExtension vscode.git {"startup":true,"extensionId":{"value":"vscode.github","_lower":"vscode.github"},"activationEvent":"*"}
[2020-12-21 19:40:50.616] [exthost] [info] ExtensionService#loadCommonJSModule file:///usr/share/code-insiders/resources/app/extensions/git/dist/main
[2020-12-21 19:40:50.694] [exthost] [info] ExtensionService#_doActivateExtension vscode.merge-conflict {"startup":true,"extensionId":{"value":"vscode.merge-conflict","_lower":"vscode.merge-conflict"},"activationEvent":"*"}
[2020-12-21 19:40:50.694] [exthost] [info] ExtensionService#loadCommonJSModule file:///usr/share/code-insiders/resources/app/extensions/merge-conflict/dist/mergeConflictMain
[2020-12-21 19:40:50.700] [exthost] [info] ExtensionService#_doActivateExtension vscode.search-result {"startup":true,"extensionId":{"value":"vscode.search-result","_lower":"vscode.search-result"},"activationEvent":"*"}
[2020-12-21 19:40:50.700] [exthost] [info] ExtensionService#loadCommonJSModule file:///usr/share/code-insiders/resources/app/extensions/search-result/dist/extension.js
[2020-12-21 19:40:50.801] [exthost] [info] ExtensionService#_doActivateExtension vscode.github {"startup":true,"extensionId":{"value":"vscode.github","_lower":"vscode.github"},"activationEvent":"*"}
[2020-12-21 19:40:50.802] [exthost] [info] ExtensionService#loadCommonJSModule file:///usr/share/code-insiders/resources/app/extensions/github/dist/extension.js
[2020-12-21 19:40:50.811] [exthost] [info] ExtensionService#_doActivateExtension ms-vscode.js-debug {"startup":false,"extensionId":{"value":"ms-vscode.js-debug","_lower":"ms-vscode.js-debug"},"activationEvent":"onCommand:extension.js-debug.clearAutoAttachVariables"}
[2020-12-21 19:40:50.811] [exthost] [info] ExtensionService#loadCommonJSModule file:///usr/share/code-insiders/resources/app/extensions/ms-vscode.js-debug/src/extension.js
[2020-12-21 19:40:51.134] [exthost] [info] eager extensions activated
[2020-12-21 19:40:51.164] [exthost] [info] ExtensionService#_doActivateExtension vscode.github-authentication {"startup":false,"extensionId":{"value":"vscode.github-authentication","_lower":"vscode.github-authentication"},"activationEvent":"onAuthenticationRequest:github"}
[2020-12-21 19:40:51.164] [exthost] [info] ExtensionService#loadCommonJSModule file:///usr/share/code-insiders/resources/app/extensions/github-authentication/dist/extension.js
[2020-12-21 19:40:55.199] [exthost] [info] extension host terminating: received terminate message from renderer
[2020-12-21 19:40:56.214] [exthost] [info] exiting with code 0
