00:00:00.000459 main     VirtualBox XPCOM Server 6.1.10_Ubuntu r138449 linux.amd64 (Jun  6 2020 11:31:37) release log
00:00:00.000466 main     Log opened 2020-12-19T03:52:54.764743000Z
00:00:00.000467 main     Build Type: release
00:00:00.000474 main     OS Product: Linux
00:00:00.000477 main     OS Release: 5.10.1-surface
00:00:00.000480 main     OS Version: #1 SMP Wed Dec 16 16:34:50 UTC 2020
00:00:00.000548 main     DMI Product Name: Surface Laptop 2
00:00:00.000594 main     DMI Product Version: 124000000000000000000000D:F B:0CA56369 F:U C:0A P:C1 S:01 
00:00:00.000618 main     Firmware type: UEFI
00:00:00.001082 main     Secure Boot: Enabled
00:00:00.001223 main     Host RAM: 7880MB (7.6GB) total, 5536MB (5.4GB) available
00:00:00.001233 main     Executable: /usr/lib/virtualbox/VBoxSVC
00:00:00.001235 main     Process ID: 41851
00:00:00.001237 main     Package type: LINUX_64BITS_GENERIC (OSE)
00:00:00.004843 main     IPC socket path: /tmp/.vbox-parin-ipc/ipcd
00:00:00.115095 nspr-2   VirtualBox: object creation starts
00:00:00.115263 nspr-2   Home directory: '/home/parin/.config/VirtualBox'
00:00:00.123775 nspr-2   NetIfAdpCtlOut: VBoxNetAdpCtl: Error while retrieving link status for wlp2s0: VBoxNetAdpCtl: ioctl failed: Operation not supported
00:00:00.124742 nspr-2   HostDnsMonitor: initializing
00:00:00.125383 nspr-2   NAT: resolv.conf: nameserver 127.0.0.53
00:00:00.125416 nspr-2   NAT: resolv.conf: ignoring "options edns0 trust-ad"
00:00:00.125442 nspr-2   HostDnsMonitor: updating information
00:00:00.125535 nspr-2   HostDnsMonitor: old information
00:00:00.125548 nspr-2     no server entries
00:00:00.125557 nspr-2     no domain set
00:00:00.125564 nspr-2     no search string entries
00:00:00.125571 nspr-2   HostDnsMonitor: new information
00:00:00.125579 nspr-2     server 1: 127.0.0.53
00:00:00.125588 nspr-2     no domain set
00:00:00.125595 nspr-2     no search string entries
00:00:00.131169 nspr-2   Failed to open "/dev/vboxdrvu", errno=2, rc=VERR_VM_DRIVER_NOT_INSTALLED
00:00:00.132960 nspr-2   VD: VDInit finished with VINF_SUCCESS
00:00:00.133202 nspr-2   ERROR [COM]: aRC=NS_ERROR_FAILURE (0x80004005) aIID={027bc463-929c-40e8-bf16-fea557cd8e7e} aComponent={SystemPropertiesWrap} aText={Cannot determine default Guest Additions ISO location. Most likely they are not available}, preserve=false aResultDetail=0
00:00:00.134867 nspr-2   VirtualBox: object created
00:00:05.096352 nspr-2   Saving settings file "/home/parin/.config/VirtualBox/VirtualBox.xml" with version "1.12-linux"
00:00:05.116254 nspr-3   Saving settings file "/home/parin/.config/VirtualBox/VirtualBox.xml" with version "1.12-linux"
00:00:05.134282 nspr-2   Saving settings file "/home/parin/.config/VirtualBox/VirtualBox.xml" with version "1.12-linux"
00:00:05.170157 nspr-3   Saving settings file "/home/parin/.config/VirtualBox/VirtualBox.xml" with version "1.12-linux"
00:00:05.187923 nspr-2   Saving settings file "/home/parin/.config/VirtualBox/VirtualBox.xml" with version "1.12-linux"
00:00:05.206952 nspr-2   Saving settings file "/home/parin/.config/VirtualBox/VirtualBox.xml" with version "1.12-linux"
00:00:05.220721 nspr-3   Saving settings file "/home/parin/.config/VirtualBox/VirtualBox.xml" with version "1.12-linux"
00:00:10.754167 main     VirtualBox: object deletion starts
00:00:10.754839 main     HostDnsMonitor: shutting down ...
00:00:10.773771 main     HostDnsMonitor: shut down
00:00:11.140455 Watcher  ERROR [COM]: aRC=E_ACCESSDENIED (0x80070005) aIID={d0a0163f-e254-4e5b-a1f2-011cf991c38d} aComponent={VirtualBoxWrap} aText={The object is not ready}, preserve=false aResultDetail=0
00:00:15.774380 main     {00007fd94c015120} HostPowerServiceLinux::~HostPowerServiceLinux: RTThreadWait() for 5000 ms failed with VERR_TIMEOUT
00:00:15.775097 main     VirtualBox: object deleted
